<?xml version="1.0" encoding="UTF-8"?>
<testsuite xmlns:xsi="http://www.w3.org/2001/XMLSchema-instance" xsi:noNamespaceSchemaLocation="https://maven.apache.org/surefire/maven-surefire-plugin/xsd/surefire-test-report-3.0.xsd" version="3.0" name="Login Testi" time="19.433" tests="3" errors="0" skipped="0" failures="0">
  <properties>
[...]
</properties>
  <testcase name="Bir ürünü sepete ekleme" classname="Sepete Ekleme Testi" time="5.767">
    <system-out><![CDATA[
Scenario: Bir ürünü sepete ekleme                                     # src/test/resources/AddToCart.feature:3
  Given kullanıcı geçerli bilgilerle giriş yapar                      # stepdefinitions.AddToCartSteps.kullanici_giris_yapar()
  When kullanıcı 'sauce labs backpack' urunu sepete ekler             # stepdefinitions.AddToCartSteps.kullanici_urunu_sepete_ekler()
  And sepetim butonuna tıklanır,sepete gidilir                        # stepdefinitions.AddToCartSteps.sepetim_butonuna_tiklanir_sepete_gidilir()
  Then 'sauce labs backpack' urununun sepete eklendiği kontrol edilir # stepdefinitions.AddToCartSteps.urunun_sepete_eklendigi_kontrol_edilir()
]]></system-out>
    <system-err><![CDATA[SLF4J(W): No SLF4J providers were found.
SLF4J(W): Defaulting to no-operation (NOP) logger implementation
SLF4J(W): See https://www.slf4j.org/codes.html#noProviders for further details.
May 13, 2025 9:18:39 ÖS org.openqa.selenium.devtools.CdpVersionFinder findNearestMatch
WARNING: Unable to find CDP implementation matching 136
May 13, 2025 9:18:39 ÖS org.openqa.selenium.chromium.ChromiumDriver lambda$new$5
WARNING: Unable to find version of CDP to use for 136.0.7103.93. You may need to include a dependency on a specific version of the CDP using something similar to `org.seleniumhq.selenium:selenium-devtools-v86:4.19.1` where the version ("v86") matches the version of the chromium-based browser you're using and the version number of the artifact is the same as Selenium's.
]]></system-err>
  </testcase>
  <testcase name="Geçersiz şifre ile login denemesi" classname="Login Fail Testi" time="6.119">
    <system-out><![CDATA[
Scenario: Geçersiz şifre ile login denemesi                         # src/test/resources/LoginFail.feature:3
  Given kullanıcı başarısız giriş denemesi için login sayfasında    # stepdefinitions.LoginFailSteps.kullanici_login_sayfasinda()
  When kullanıcı "standard_user" ve hatalı "123456" şifresini girer # stepdefinitions.LoginFailSteps.kullanici_dogru_bilgileri_girer()
  Then kullanıcı hata mesajı görmelidir                             # stepdefinitions.LoginFailSteps.kullanici_hata_mesaji_gormelidir()
]]></system-out>
    <system-err><![CDATA[May 13, 2025 9:18:44 ÖS org.openqa.selenium.devtools.CdpVersionFinder findNearestMatch
WARNING: Unable to find CDP implementation matching 136
May 13, 2025 9:18:44 ÖS org.openqa.selenium.chromium.ChromiumDriver lambda$new$5
WARNING: Unable to find version of CDP to use for 136.0.7103.93. You may need to include a dependency on a specific version of the CDP using something similar to `org.seleniumhq.selenium:selenium-devtools-v86:4.19.1` where the version ("v86") matches the version of the chromium-based browser you're using and the version number of the artifact is the same as Selenium's.
]]></system-err>
  </testcase>
  <testcase name="Geçerli kullanıcı ile login" classname="Login Testi" time="7.188">
    <system-out><![CDATA[
Scenario: Geçerli kullanıcı ile login                 # src/test/resources/Login.feature:3
  Given kullanıcı login sayfasındadır                 # stepdefinitions.LoginSteps.kullanici_login_sayfasinda()
  When kullanıcı doğru kullanıcı adı ve şifreyi girer # stepdefinitions.LoginSteps.kullanici_dogru_bilgileri_girer()
  Then ana sayfaya yönlendirilmelidir                 # stepdefinitions.LoginSteps.ana_sayfaya_yonlendirilmelidir()
]]></system-out>
    <system-err><![CDATA[May 13, 2025 9:18:51 ÖS org.openqa.selenium.devtools.CdpVersionFinder findNearestMatch
WARNING: Unable to find CDP implementation matching 136
May 13, 2025 9:18:51 ÖS org.openqa.selenium.chromium.ChromiumDriver lambda$new$5
WARNING: Unable to find version of CDP to use for 136.0.7103.93. You may need to include a dependency on a specific version of the CDP using something similar to `org.seleniumhq.selenium:selenium-devtools-v86:4.19.1` where the version ("v86") matches the version of the chromium-based browser you're using and the version number of the artifact is the same as Selenium's.
]]></system-err>
  </testcase>
</testsuite>